#
# There is insufficient memory for the Java Runtime Environment to continue.
# Native memory allocation (malloc) failed to allocate 1059216 bytes for Chunk::new
# Possible reasons:
#   The system is out of physical RAM or swap space
#   In 32 bit mode, the process size limit was hit
# Possible solutions:
#   Reduce memory load on the system
#   Increase physical memory or swap space
#   Check if swap backing store is full
#   Use 64 bit Java on a 64 bit OS
#   Decrease Java heap size (-Xmx/-Xms)
#   Decrease number of Java threads
#   Decrease Java thread stack sizes (-Xss)
#   Set larger code cache with -XX:ReservedCodeCacheSize=
# This output file may be truncated or incomplete.
#
#  Out of Memory Error (allocation.cpp:390), pid=8264, tid=0x0000000000003710
#
# JRE version: Java(TM) SE Runtime Environment (8.0_121-b13) (build 1.8.0_121-b13)
# Java VM: Java HotSpot(TM) 64-Bit Server VM (25.121-b13 mixed mode windows-amd64 compressed oops)
# Failed to write core dump. Minidumps are not enabled by default on client versions of Windows
#

---------------  T H R E A D  ---------------

Current thread (0x00000000190e0800):  JavaThread "C2 CompilerThread1" daemon [_thread_in_native, id=14096, stack(0x00000000194e0000,0x00000000195e0000)]

Stack: [0x00000000194e0000,0x00000000195e0000]
[error occurred during error reporting (printing stack bounds), id 0xc0000005]

Native frames: (J=compiled Java code, j=interpreted, Vv=VM code, C=native code)


Current CompileTask:
C2:  15263 4224       4       org.hibernate.validator.internal.util.TypeHelper::resolveTypes (149 bytes)


---------------  P R O C E S S  ---------------

Java Threads: ( => current thread )
  0x000000001afda800 JavaThread "container-0" [_thread_blocked, id=6168, stack(0x000000001f790000,0x000000001f890000)]
  0x000000001d92f000 JavaThread "Catalina-utility-1" [_thread_in_vm_trans, id=15880, stack(0x000000001f690000,0x000000001f790000)]
  0x0000000019ab5000 JavaThread "JMX server connection timeout 17" daemon [_thread_blocked, id=19620, stack(0x000000001a7e0000,0x000000001a8e0000)]
  0x0000000019a98800 JavaThread "RMI TCP Connection(2)-127.0.0.1" daemon [_thread_in_native, id=19036, stack(0x000000001a5e0000,0x000000001a6e0000)]
  0x0000000019a96000 JavaThread "RMI TCP Accept-0" daemon [_thread_in_native, id=17744, stack(0x000000001a3e0000,0x000000001a4e0000)]
  0x0000000019a91800 JavaThread "RMI Scheduler(0)" daemon [_thread_blocked, id=19240, stack(0x000000001a2e0000,0x000000001a3e0000)]
  0x0000000019a84800 JavaThread "RMI TCP Connection(1)-127.0.0.1" daemon [_thread_in_native, id=13908, stack(0x000000001a1e0000,0x000000001a2e0000)]
  0x0000000019a63800 JavaThread "RMI TCP Accept-54005" daemon [_thread_in_native, id=19816, stack(0x000000001a0e0000,0x000000001a1e0000)]
  0x0000000019a5d000 JavaThread "RMI TCP Accept-0" daemon [_thread_in_native, id=19528, stack(0x0000000019fe0000,0x000000001a0e0000)]
  0x00000000190e9800 JavaThread "Service Thread" daemon [_thread_blocked, id=6552, stack(0x00000000196e0000,0x00000000197e0000)]
  0x00000000190e3000 JavaThread "C1 CompilerThread2" daemon [_thread_blocked, id=4904, stack(0x00000000195e0000,0x00000000196e0000)]
=>0x00000000190e0800 JavaThread "C2 CompilerThread1" daemon [_thread_in_native, id=14096, stack(0x00000000194e0000,0x00000000195e0000)]
  0x0000000017993000 JavaThread "C2 CompilerThread0" daemon [_thread_in_native, id=700, stack(0x0000000018fe0000,0x00000000190e0000)]
  0x0000000017991800 JavaThread "Attach Listener" daemon [_thread_blocked, id=4784, stack(0x0000000018ee0000,0x0000000018fe0000)]
  0x0000000017990000 JavaThread "Signal Dispatcher" daemon [_thread_blocked, id=10208, stack(0x0000000018de0000,0x0000000018ee0000)]
  0x000000001797a000 JavaThread "Finalizer" daemon [_thread_blocked, id=15548, stack(0x0000000018be0000,0x0000000018ce0000)]
  0x0000000017959000 JavaThread "Reference Handler" daemon [_thread_blocked, id=17304, stack(0x0000000018ae0000,0x0000000018be0000)]
  0x0000000002c74800 JavaThread "main" [_thread_in_vm, id=13164, stack(0x0000000002b70000,0x0000000002c70000)]

Other Threads:
  0x0000000017957800 VMThread [stack: 0x00000000189e0000,0x0000000018ae0000] [id=18908]
  0x0000000019a98000 WatcherThread [stack: 0x000000001a4e0000,0x000000001a5e0000] [id=8040]

VM state:not at safepoint (normal execution)

VM Mutex/Monitor currently owned by a thread: None

Heap:
 PSYoungGen      total 134656K, used 99608K [0x00000000d5580000, 0x00000000e4c80000, 0x0000000100000000)
  eden space 122368K, 81% used [0x00000000d5580000,0x00000000db6c6170,0x00000000dcd00000)
  from space 12288K, 0% used [0x00000000dcd00000,0x00000000dcd00000,0x00000000dd900000)
  to   space 15872K, 0% used [0x00000000e3d00000,0x00000000e3d00000,0x00000000e4c80000)
 ParOldGen       total 73216K, used 20256K [0x0000000080000000, 0x0000000084780000, 0x00000000d5580000)
  object space 73216K, 27% used [0x0000000080000000,0x00000000813c8140,0x0000000084780000)
 Metaspace       used 39879K, capacity 41640K, committed 41980K, reserved 1085440K
  class space    used 5203K, capacity 5555K, committed 5680K, reserved 1048576K

Card table byte_map: [0x0000000012130000,0x0000000012540000] byte_map_base: 0x0000000011d30000

Marking Bits: (ParMarkBitMap*) 0x000000005327b6d0
 Begin Bits: [0x0000000012bf0000, 0x0000000014bf0000)
 End Bits:   [0x0000000014bf0000, 0x0000000016bf0000)

Polling page: 0x0000000002990000

CodeCache: size=245760Kb used=16111Kb max_used=16111Kb free=229648Kb
 bounds [0x0000000002d70000, 0x0000000003d40000, 0x0000000011d70000]
 total_blobs=4871 nmethods=4432 adapters=352
 compilation: enabled

Compilation events (10 events):
Event: 15.238 Thread 0x00000000190e3000 4702       3       ch.qos.logback.classic.Logger::isInfoEnabled (6 bytes)
Event: 15.238 Thread 0x00000000190e3000 nmethod 4702 0x0000000003d30210 code [0x0000000003d30380, 0x0000000003d30588]
Event: 15.238 Thread 0x00000000190e3000 4703       3       org.springframework.asm.MethodVisitor::visitLookupSwitchInsn (18 bytes)
Event: 15.238 Thread 0x00000000190e3000 nmethod 4703 0x0000000003d2fd50 code [0x0000000003d2fec0, 0x0000000003d30128]
Event: 15.239 Thread 0x00000000190e3000 4704   !   3       sun.reflect.GeneratedMethodAccessor19::invoke (245 bytes)
Event: 15.240 Thread 0x00000000190e3000 nmethod 4704 0x0000000003d34390 code [0x0000000003d346a0, 0x0000000003d36858]
Event: 15.244 Thread 0x00000000190e3000 4705       1       java.util.EnumMap::access$600 (5 bytes)
Event: 15.244 Thread 0x00000000190e3000 nmethod 4705 0x0000000003cffad0 code [0x0000000003cffc20, 0x0000000003cffd10]
Event: 15.245 Thread 0x00000000190e3000 4706       3       org.springframework.beans.factory.support.AbstractBeanDefinition::hasPropertyValues (23 bytes)
Event: 15.246 Thread 0x00000000190e3000 nmethod 4706 0x0000000003d2f710 code [0x0000000003d2f880, 0x0000000003d2fc28]

GC Heap History (10 events):
Event: 3.946 GC heap before
{Heap before GC invocations=5 (full 1):
 PSYoungGen      total 71680K, used 4976K [0x00000000d5580000, 0x00000000da080000, 0x0000000100000000)
  eden space 66560K, 0% used [0x00000000d5580000,0x00000000d5580000,0x00000000d9680000)
  from space 5120K, 97% used [0x00000000d9b80000,0x00000000da05c010,0x00000000da080000)
  to   space 5120K, 0% used [0x00000000d9680000,0x00000000d9680000,0x00000000d9b80000)
 ParOldGen       total 87552K, used 5600K [0x0000000080000000, 0x0000000085580000, 0x00000000d5580000)
  object space 87552K, 6% used [0x0000000080000000,0x00000000805780d8,0x0000000085580000)
 Metaspace       used 20971K, capacity 21466K, committed 21628K, reserved 1069056K
  class space    used 2750K, capacity 2914K, committed 2992K, reserved 1048576K
Event: 3.979 GC heap after
Heap after GC invocations=5 (full 1):
 PSYoungGen      total 71680K, used 0K [0x00000000d5580000, 0x00000000da080000, 0x0000000100000000)
  eden space 66560K, 0% used [0x00000000d5580000,0x00000000d5580000,0x00000000d9680000)
  from space 5120K, 0% used [0x00000000d9b80000,0x00000000d9b80000,0x00000000da080000)
  to   space 5120K, 0% used [0x00000000d9680000,0x00000000d9680000,0x00000000d9b80000)
 ParOldGen       total 46592K, used 4824K [0x0000000080000000, 0x0000000082d80000, 0x00000000d5580000)
  object space 46592K, 10% used [0x0000000080000000,0x00000000804b6248,0x0000000082d80000)
 Metaspace       used 20969K, capacity 21460K, committed 21628K, reserved 1069056K
  class space    used 2749K, capacity 2913K, committed 2992K, reserved 1048576K
}
Event: 6.232 GC heap before
{Heap before GC invocations=6 (full 1):
 PSYoungGen      total 71680K, used 66560K [0x00000000d5580000, 0x00000000da080000, 0x0000000100000000)
  eden space 66560K, 100% used [0x00000000d5580000,0x00000000d9680000,0x00000000d9680000)
  from space 5120K, 0% used [0x00000000d9b80000,0x00000000d9b80000,0x00000000da080000)
  to   space 5120K, 0% used [0x00000000d9680000,0x00000000d9680000,0x00000000d9b80000)
 ParOldGen       total 46592K, used 4824K [0x0000000080000000, 0x0000000082d80000, 0x00000000d5580000)
  object space 46592K, 10% used [0x0000000080000000,0x00000000804b6248,0x0000000082d80000)
 Metaspace       used 26828K, capacity 27798K, committed 28028K, reserved 1073152K
  class space    used 3497K, capacity 3730K, committed 3760K, reserved 1048576K
Event: 6.241 GC heap after
Heap after GC invocations=6 (full 1):
 PSYoungGen      total 71680K, used 5090K [0x00000000d5580000, 0x00000000de400000, 0x0000000100000000)
  eden space 66560K, 0% used [0x00000000d5580000,0x00000000d5580000,0x00000000d9680000)
  from space 5120K, 99% used [0x00000000d9680000,0x00000000d9b78b80,0x00000000d9b80000)
  to   space 10752K, 0% used [0x00000000dd980000,0x00000000dd980000,0x00000000de400000)
 ParOldGen       total 46592K, used 7929K [0x0000000080000000, 0x0000000082d80000, 0x00000000d5580000)
  object space 46592K, 17% used [0x0000000080000000,0x00000000807be568,0x0000000082d80000)
 Metaspace       used 26828K, capacity 27798K, committed 28028K, reserved 1073152K
  class space    used 3497K, capacity 3730K, committed 3760K, reserved 1048576K
}
Event: 8.818 GC heap before
{Heap before GC invocations=7 (full 1):
 PSYoungGen      total 71680K, used 71650K [0x00000000d5580000, 0x00000000de400000, 0x0000000100000000)
  eden space 66560K, 100% used [0x00000000d5580000,0x00000000d9680000,0x00000000d9680000)
  from space 5120K, 99% used [0x00000000d9680000,0x00000000d9b78b80,0x00000000d9b80000)
  to   space 10752K, 0% used [0x00000000dd980000,0x00000000dd980000,0x00000000de400000)
 ParOldGen       total 46592K, used 7929K [0x0000000080000000, 0x0000000082d80000, 0x00000000d5580000)
  object space 46592K, 17% used [0x0000000080000000,0x00000000807be568,0x0000000082d80000)
 Metaspace       used 30234K, capacity 31224K, committed 31612K, reserved 1077248K
  class space    used 3935K, capacity 4145K, committed 4272K, reserved 1048576K
Event: 8.834 GC heap after
Heap after GC invocations=7 (full 1):
 PSYoungGen      total 133120K, used 10616K [0x00000000d5580000, 0x00000000de500000, 0x0000000100000000)
  eden space 122368K, 0% used [0x00000000d5580000,0x00000000d5580000,0x00000000dcd00000)
  from space 10752K, 98% used [0x00000000dd980000,0x00000000de3de348,0x00000000de400000)
  to   space 12288K, 0% used [0x00000000dcd00000,0x00000000dcd00000,0x00000000dd900000)
 ParOldGen       total 46592K, used 7937K [0x0000000080000000, 0x0000000082d80000, 0x00000000d5580000)
  object space 46592K, 17% used [0x0000000080000000,0x00000000807c0568,0x0000000082d80000)
 Metaspace       used 30234K, capacity 31224K, committed 31612K, reserved 1077248K
  class space    used 3935K, capacity 4145K, committed 4272K, reserved 1048576K
}
Event: 10.682 GC heap before
{Heap before GC invocations=8 (full 1):
 PSYoungGen      total 133120K, used 56435K [0x00000000d5580000, 0x00000000de500000, 0x0000000100000000)
  eden space 122368K, 37% used [0x00000000d5580000,0x00000000d823eb70,0x00000000dcd00000)
  from space 10752K, 98% used [0x00000000dd980000,0x00000000de3de348,0x00000000de400000)
  to   space 12288K, 0% used [0x00000000dcd00000,0x00000000dcd00000,0x00000000dd900000)
 ParOldGen       total 46592K, used 7937K [0x0000000080000000, 0x0000000082d80000, 0x00000000d5580000)
  object space 46592K, 17% used [0x0000000080000000,0x00000000807c0568,0x0000000082d80000)
 Metaspace       used 34580K, capacity 35980K, committed 36048K, reserved 1081344K
  class space    used 4475K, capacity 4767K, committed 4784K, reserved 1048576K
Event: 10.703 GC heap after
Heap after GC invocations=8 (full 1):
 PSYoungGen      total 134656K, used 12262K [0x00000000d5580000, 0x00000000e4c80000, 0x0000000100000000)
  eden space 122368K, 0% used [0x00000000d5580000,0x00000000d5580000,0x00000000dcd00000)
  from space 12288K, 99% used [0x00000000dcd00000,0x00000000dd8f9ba0,0x00000000dd900000)
  to   space 15872K, 0% used [0x00000000e3d00000,0x00000000e3d00000,0x00000000e4c80000)
 ParOldGen       total 46592K, used 11598K [0x0000000080000000, 0x0000000082d80000, 0x00000000d5580000)
  object space 46592K, 24% used [0x0000000080000000,0x0000000080b53a80,0x0000000082d80000)
 Metaspace       used 34580K, capacity 35980K, committed 36048K, reserved 1081344K
  class space    used 4475K, capacity 4767K, committed 4784K, reserved 1048576K
}
Event: 10.703 GC heap before
{Heap before GC invocations=9 (full 2):
 PSYoungGen      total 134656K, used 12262K [0x00000000d5580000, 0x00000000e4c80000, 0x0000000100000000)
  eden space 122368K, 0% used [0x00000000d5580000,0x00000000d5580000,0x00000000dcd00000)
  from space 12288K, 99% used [0x00000000dcd00000,0x00000000dd8f9ba0,0x00000000dd900000)
  to   space 15872K, 0% used [0x00000000e3d00000,0x00000000e3d00000,0x00000000e4c80000)
 ParOldGen       total 46592K, used 11598K [0x0000000080000000, 0x0000000082d80000, 0x00000000d5580000)
  object space 46592K, 24% used [0x0000000080000000,0x0000000080b53a80,0x0000000082d80000)
 Metaspace       used 34580K, capacity 35980K, committed 36048K, reserved 1081344K
  class space    used 4475K, capacity 4767K, committed 4784K, reserved 1048576K
Event: 10.820 GC heap after
Heap after GC invocations=9 (full 2):
 PSYoungGen      total 134656K, used 0K [0x00000000d5580000, 0x00000000e4c80000, 0x0000000100000000)
  eden space 122368K, 0% used [0x00000000d5580000,0x00000000d5580000,0x00000000dcd00000)
  from space 12288K, 0% used [0x00000000dcd00000,0x00000000dcd00000,0x00000000dd900000)
  to   space 15872K, 0% used [0x00000000e3d00000,0x00000000e3d00000,0x00000000e4c80000)
 ParOldGen       total 73216K, used 20256K [0x0000000080000000, 0x0000000084780000, 0x00000000d5580000)
  object space 73216K, 27% used [0x0000000080000000,0x00000000813c8140,0x0000000084780000)
 Metaspace       used 34580K, capacity 35980K, committed 36048K, reserved 1081344K
  class space    used 4475K, capacity 4767K, committed 4784K, reserved 1048576K
}

Deoptimization events (10 events):
Event: 13.438 Thread 0x0000000002c74800 Uncommon trap: reason=unstable_if action=reinterpret pc=0x0000000003502b78 method=java.util.Properties.load0(Ljava/util/Properties$LineReader;)V @ 33
Event: 13.438 Thread 0x0000000002c74800 Uncommon trap: reason=class_check action=maybe_recompile pc=0x00000000039ac120 method=java.util.Properties$LineReader.readLine()I @ 410
Event: 13.438 Thread 0x0000000002c74800 Uncommon trap: reason=class_check action=maybe_recompile pc=0x00000000039ac0a8 method=java.util.Properties$LineReader.readLine()I @ 62
Event: 13.819 Thread 0x0000000002c74800 Uncommon trap: reason=unstable_if action=reinterpret pc=0x0000000003758fbc method=org.springframework.util.ObjectUtils.nullSafeHashCode(Ljava/lang/Object;)I @ 13
Event: 15.115 Thread 0x0000000002c74800 Uncommon trap: reason=class_check action=maybe_recompile pc=0x0000000003a95e5c method=org.springframework.boot.context.properties.source.SpringIterableConfigurationPropertySource$CacheKey.get(Lorg/springframework/core/env/EnumerablePropertySource;)Lorg/sp
Event: 15.115 Thread 0x0000000002c74800 Uncommon trap: reason=class_check action=maybe_recompile pc=0x0000000003a95e5c method=org.springframework.boot.context.properties.source.SpringIterableConfigurationPropertySource$CacheKey.get(Lorg/springframework/core/env/EnumerablePropertySource;)Lorg/sp
Event: 15.157 Thread 0x0000000002c74800 Uncommon trap: reason=unstable_if action=reinterpret pc=0x00000000036df910 method=org.springframework.util.StringUtils.collectionToDelimitedString(Ljava/util/Collection;Ljava/lang/String;Ljava/lang/String;Ljava/lang/String;)Ljava/lang/String; @ 4
Event: 15.201 Thread 0x0000000002c74800 Uncommon trap: reason=unstable_if action=reinterpret pc=0x0000000003a9bef4 method=org.springframework.beans.factory.support.AbstractBeanFactory.isTypeMatch(Ljava/lang/String;Lorg/springframework/core/ResolvableType;)Z @ 253
Event: 15.228 Thread 0x0000000002c74800 Uncommon trap: reason=class_check action=maybe_recompile pc=0x0000000003a95e5c method=org.springframework.boot.context.properties.source.SpringIterableConfigurationPropertySource$CacheKey.get(Lorg/springframework/core/env/EnumerablePropertySource;)Lorg/sp
Event: 15.229 Thread 0x0000000002c74800 Uncommon trap: reason=class_check action=maybe_recompile pc=0x0000000003a95e5c method=org.springframework.boot.context.properties.source.SpringIterableConfigurationPropertySource$CacheKey.get(Lorg/springframework/core/env/EnumerablePropertySource;)Lorg/sp

Internal exceptions (10 events):
Event: 15.188 Thread 0x0000000002c74800 Exception <a 'java/lang/ClassNotFoundException': org/springframework/web/servlet/config/annotation/DelegatingWebMvcConfigurationCustomizer> (0x00000000db283d48) thrown at [C:\re\workspace\8-2-build-windows-amd64-cygwin\jdk8u121\8372\hotspot\src\share\vm\c
Event: 15.189 Thread 0x0000000002c74800 Exception <a 'java/lang/ClassNotFoundException': org/springframework/boot/autoconfigure/web/servlet/WebMvcAutoConfiguration$EnableWebMvcConfigurationCustomizer> (0x00000000db2a6198) thrown at [C:\re\workspace\8-2-build-windows-amd64-cygwin\jdk8u121\8372\h
Event: 15.189 Thread 0x0000000002c74800 Exception <a 'java/lang/ClassNotFoundException': org/springframework/boot/autoconfigure/web/servlet/WebMvcAutoConfiguration$EnableWebMvcConfiguration$$EnhancerBySpringCGLIB$$cb803635Customizer> (0x00000000db2cf6e8) thrown at [C:\re\workspace\8-2-build-win
Event: 15.190 Thread 0x0000000002c74800 Exception <a 'java/lang/ClassNotFoundException': org/springframework/context/annotation/ConfigurationClassEnhancer$EnhancedConfigurationCustomizer> (0x00000000db307888) thrown at [C:\re\workspace\8-2-build-windows-amd64-cygwin\jdk8u121\8372\hotspot\src\sh
Event: 15.191 Thread 0x0000000002c74800 Exception <a 'java/lang/ClassNotFoundException': org/springframework/beans/factory/BeanFactoryAwareCustomizer> (0x00000000db318648) thrown at [C:\re\workspace\8-2-build-windows-amd64-cygwin\jdk8u121\8372\hotspot\src\share\vm\classfile\systemDictionary.cpp
Event: 15.191 Thread 0x0000000002c74800 Exception <a 'java/lang/ClassNotFoundException': org/springframework/beans/factory/AwareCustomizer> (0x00000000db3284c8) thrown at [C:\re\workspace\8-2-build-windows-amd64-cygwin\jdk8u121\8372\hotspot\src\share\vm\classfile\systemDictionary.cpp, line 210]
Event: 15.191 Thread 0x0000000002c74800 Exception <a 'java/lang/ClassNotFoundException': org/springframework/context/ApplicationContextAwareCustomizer> (0x00000000db3395e8) thrown at [C:\re\workspace\8-2-build-windows-amd64-cygwin\jdk8u121\8372\hotspot\src\share\vm\classfile\systemDictionary.cp
Event: 15.191 Thread 0x0000000002c74800 Exception <a 'java/lang/ClassNotFoundException': org/springframework/beans/factory/AwareCustomizer> (0x00000000db349568) thrown at [C:\re\workspace\8-2-build-windows-amd64-cygwin\jdk8u121\8372\hotspot\src\share\vm\classfile\systemDictionary.cpp, line 210]
Event: 15.192 Thread 0x0000000002c74800 Exception <a 'java/lang/ClassNotFoundException': org/springframework/web/context/ServletContextAwareCustomizer> (0x00000000db35a5f0) thrown at [C:\re\workspace\8-2-build-windows-amd64-cygwin\jdk8u121\8372\hotspot\src\share\vm\classfile\systemDictionary.cp
Event: 15.192 Thread 0x0000000002c74800 Exception <a 'java/lang/ClassNotFoundException': org/springframework/beans/factory/AwareCustomizer> (0x00000000db369fe0) thrown at [C:\re\workspace\8-2-build-windows-amd64-cygwin\jdk8u121\8372\hotspot\src\share\vm\classfile\systemDictionary.cpp, line 210]

Events (10 events):
Event: 15.248 loading class com/fasterxml/jackson/annotation/JsonCreator$Mode
Event: 15.248 loading class com/fasterxml/jackson/annotation/JsonCreator$Mode done
Event: 15.249 loading class com/fasterxml/jackson/module/paramnames/PackageVersion
Event: 15.249 loading class com/fasterxml/jackson/module/paramnames/PackageVersion done
Event: 15.249 loading class com/fasterxml/jackson/databind/jsontype/NamedType
Event: 15.249 loading class com/fasterxml/jackson/databind/jsontype/NamedType done
Event: 15.250 loading class com/fasterxml/jackson/databind/PropertyNamingStrategy
Event: 15.250 loading class com/fasterxml/jackson/databind/PropertyNamingStrategy done
Event: 15.250 loading class com/fasterxml/jackson/databind/module/SimpleValueInstantiators
Event: 15.250 loading class com/fasterxml/jackson/databind/module/SimpleValueInstantiators done


Dynamic libraries:
0x00007ff7391f0000 - 0x00007ff739227000 	C:\Program Files\Java\jre1.8.0_121\bin\javaw.exe
0x00007ff831300000 - 0x00007ff8314e1000 	C:\WINDOWS\SYSTEM32\ntdll.dll
0x00007ff82ea50000 - 0x00007ff82eb02000 	C:\WINDOWS\System32\KERNEL32.DLL
0x00007ff82e490000 - 0x00007ff82e703000 	C:\WINDOWS\System32\KERNELBASE.dll
0x00007ff82f270000 - 0x00007ff82f311000 	C:\WINDOWS\System32\ADVAPI32.dll
0x00007ff82e9a0000 - 0x00007ff82ea3e000 	C:\WINDOWS\System32\msvcrt.dll
0x00007ff8309e0000 - 0x00007ff830a3b000 	C:\WINDOWS\System32\sechost.dll
0x00007ff830b90000 - 0x00007ff830cb4000 	C:\WINDOWS\System32\RPCRT4.dll
0x00007ff830cc0000 - 0x00007ff830e50000 	C:\WINDOWS\System32\USER32.dll
0x00007ff82e470000 - 0x00007ff82e490000 	C:\WINDOWS\System32\win32u.dll
0x00007ff8309b0000 - 0x00007ff8309d8000 	C:\WINDOWS\System32\GDI32.dll
0x00007ff82e220000 - 0x00007ff82e3b2000 	C:\WINDOWS\System32\gdi32full.dll
0x00007ff82e080000 - 0x00007ff82e11f000 	C:\WINDOWS\System32\msvcp_win.dll
0x00007ff82e120000 - 0x00007ff82e21a000 	C:\WINDOWS\System32\ucrtbase.dll
0x00007ff82b8a0000 - 0x00007ff82bb09000 	C:\WINDOWS\WinSxS\amd64_microsoft.windows.common-controls_6595b64144ccf1df_6.0.17134.112_none_fb3f961b30681c12\COMCTL32.dll
0x00007ff82ec70000 - 0x00007ff82ef93000 	C:\WINDOWS\System32\combase.dll
0x00007ff82e710000 - 0x00007ff82e78a000 	C:\WINDOWS\System32\bcryptPrimitives.dll
0x00007ff830e50000 - 0x00007ff830e7d000 	C:\WINDOWS\System32\IMM32.DLL
0x00007ff82d4b0000 - 0x00007ff82d50d000 	C:\Program Files\Citrix\System32\MfApHook64.dll
0x00007ff82d250000 - 0x00007ff82d27b000 	C:\Program Files\Citrix\ICAService\CtxDodHook64.dll
0x00007ff82d3d0000 - 0x00007ff82d402000 	C:\Program Files\Citrix\ICAService\picaFullScreenHookX64.dll
0x00007ff82cdb0000 - 0x00007ff82cdfe000 	C:\Program Files\Citrix\ICAService\ShellHook64.dll
0x00007ff82f570000 - 0x00007ff8309b0000 	C:\WINDOWS\System32\SHELL32.dll
0x00007ff82d730000 - 0x00007ff82d779000 	C:\WINDOWS\System32\cfgmgr32.dll
0x00007ff82f1c0000 - 0x00007ff82f269000 	C:\WINDOWS\System32\shcore.dll
0x00007ff82d780000 - 0x00007ff82de8d000 	C:\WINDOWS\System32\windows.storage.dll
0x00007ff82f010000 - 0x00007ff82f061000 	C:\WINDOWS\System32\shlwapi.dll
0x00007ff82d6b0000 - 0x00007ff82d6c1000 	C:\WINDOWS\System32\kernel.appcore.dll
0x00007ff82d660000 - 0x00007ff82d67f000 	C:\WINDOWS\System32\profapi.dll
0x00007ff82d610000 - 0x00007ff82d65c000 	C:\WINDOWS\System32\powrprof.dll
0x00007ff82d680000 - 0x00007ff82d68a000 	C:\WINDOWS\System32\FLTLIB.DLL
0x00007ff82cc10000 - 0x00007ff82cd8e000 	C:\Program Files\Citrix\ICAService\SCardHook64.dll
0x00007ff82cb70000 - 0x00007ff82cb9a000 	C:\Program Files\Citrix\ICAService\cxinjime64.dll
0x00007ff82c8c0000 - 0x00007ff82c908000 	C:\Program Files\Citrix\ICAService\PicaWtsHook64.dll
0x0000000052740000 - 0x0000000052812000 	C:\Program Files\Java\jre1.8.0_121\bin\msvcr100.dll
0x0000000052a60000 - 0x00000000532fb000 	C:\Program Files\Java\jre1.8.0_121\bin\server\jvm.dll
0x00007ff82ea40000 - 0x00007ff82ea48000 	C:\WINDOWS\System32\PSAPI.DLL
0x00007ff82a670000 - 0x00007ff82a693000 	C:\WINDOWS\SYSTEM32\WINMM.dll
0x00007ff82d240000 - 0x00007ff82d24a000 	C:\WINDOWS\SYSTEM32\VERSION.dll
0x00007ff82a640000 - 0x00007ff82a66a000 	C:\WINDOWS\SYSTEM32\WINMMBASE.dll
0x00007ff820810000 - 0x00007ff820819000 	C:\WINDOWS\SYSTEM32\WSOCK32.dll
0x0000000002b00000 - 0x0000000002b6c000 	C:\WINDOWS\System32\ws2_32.DLL
0x0000000053440000 - 0x000000005344f000 	C:\Program Files\Java\jre1.8.0_121\bin\verify.dll
0x0000000053410000 - 0x0000000053439000 	C:\Program Files\Java\jre1.8.0_121\bin\java.dll
0x0000000052960000 - 0x0000000052976000 	C:\Program Files\Java\jre1.8.0_121\bin\zip.dll
0x0000000052910000 - 0x000000005291d000 	C:\Program Files\Java\jre1.8.0_121\bin\management.dll
0x0000000052940000 - 0x000000005295a000 	C:\Program Files\Java\jre1.8.0_121\bin\net.dll
0x00007ff82c360000 - 0x00007ff82c3c6000 	C:\WINDOWS\system32\mswsock.dll
0x0000000052920000 - 0x0000000052931000 	C:\Program Files\Java\jre1.8.0_121\bin\nio.dll
0x00007ff822320000 - 0x00007ff822336000 	C:\WINDOWS\system32\napinsp.dll
0x00007ff821790000 - 0x00007ff8217aa000 	C:\WINDOWS\system32\pnrpnsp.dll
0x00007ff8282b0000 - 0x00007ff8282c9000 	C:\WINDOWS\system32\NLAapi.dll
0x00007ff82c120000 - 0x00007ff82c1de000 	C:\WINDOWS\SYSTEM32\DNSAPI.dll
0x00007ff82f540000 - 0x00007ff82f548000 	C:\WINDOWS\System32\NSI.dll
0x00007ff82c0e0000 - 0x00007ff82c118000 	C:\WINDOWS\SYSTEM32\IPHLPAPI.DLL
0x00007ff8217b0000 - 0x00007ff8217be000 	C:\WINDOWS\System32\winrnr.dll
0x00007ff822830000 - 0x00007ff82283a000 	C:\Windows\System32\rasadhlp.dll
0x00007ff825c70000 - 0x00007ff825ce2000 	C:\WINDOWS\System32\fwpuclnt.dll
0x00007ff82ce00000 - 0x00007ff82ce25000 	C:\WINDOWS\SYSTEM32\bcrypt.dll
0x00007ff82c510000 - 0x00007ff82c527000 	C:\WINDOWS\SYSTEM32\CRYPTSP.dll
0x00007ff82bee0000 - 0x00007ff82bf13000 	C:\WINDOWS\system32\rsaenh.dll
0x00007ff82d510000 - 0x00007ff82d538000 	C:\WINDOWS\SYSTEM32\USERENV.dll
0x00007ff82c530000 - 0x00007ff82c53b000 	C:\WINDOWS\SYSTEM32\CRYPTBASE.dll
0x00007ff825bf0000 - 0x00007ff825c06000 	C:\WINDOWS\SYSTEM32\dhcpcsvc6.DLL
0x00007ff825bd0000 - 0x00007ff825bea000 	C:\WINDOWS\SYSTEM32\dhcpcsvc.DLL
0x0000000052820000 - 0x0000000052844000 	C:\Program Files\Java\jre1.8.0_121\bin\sunec.dll

VM Arguments:
jvm_args: -Dcom.sun.management.jmxremote -Dcom.sun.management.jmxremote.port=54005 -Dcom.sun.management.jmxremote.authenticate=false -Dcom.sun.management.jmxremote.ssl=false -Djava.rmi.server.hostname=localhost -Dspring.liveBeansView.mbeanDomain -Dspring.application.admin.enabled=true -Dfile.encoding=UTF-8 
java_command: com.capgemini.ConfigServer.ConfigServerApplication --spring.output.ansi.enabled=always
java_class_path (initial): C:\RabbitMQ\ConfigServer\target\classes;C:\Users\ungore\.m2\repository\org\springframework\boot\spring-boot-starter-web\2.1.2.RELEASE\spring-boot-starter-web-2.1.2.RELEASE.jar;C:\Users\ungore\.m2\repository\org\springframework\boot\spring-boot-starter\2.1.2.RELEASE\spring-boot-starter-2.1.2.RELEASE.jar;C:\Users\ungore\.m2\repository\org\springframework\boot\spring-boot\2.1.2.RELEASE\spring-boot-2.1.2.RELEASE.jar;C:\Users\ungore\.m2\repository\org\springframework\boot\spring-boot-autoconfigure\2.1.2.RELEASE\spring-boot-autoconfigure-2.1.2.RELEASE.jar;C:\Users\ungore\.m2\repository\org\springframework\boot\spring-boot-starter-logging\2.1.2.RELEASE\spring-boot-starter-logging-2.1.2.RELEASE.jar;C:\Users\ungore\.m2\repository\ch\qos\logback\logback-classic\1.2.3\logback-classic-1.2.3.jar;C:\Users\ungore\.m2\repository\ch\qos\logback\logback-core\1.2.3\logback-core-1.2.3.jar;C:\Users\ungore\.m2\repository\org\apache\logging\log4j\log4j-to-slf4j\2.11.1\log4j-to-slf4j-2.11.1.jar;C:\Users\ungore\.m2\repository\org\apache\logging\log4j\log4j-api\2.11.1\log4j-api-2.11.1.jar;C:\Users\ungore\.m2\repository\org\slf4j\jul-to-slf4j\1.7.25\jul-to-slf4j-1.7.25.jar;C:\Users\ungore\.m2\repository\javax\annotation\javax.annotation-api\1.3.2\javax.annotation-api-1.3.2.jar;C:\Users\ungore\.m2\repository\org\springframework\boot\spring-boot-starter-json\2.1.2.RELEASE\spring-boot-starter-json-2.1.2.RELEASE.jar;C:\Users\ungore\.m2\repository\com\fasterxml\jackson\core\jackson-databind\2.9.8\jackson-databind-2.9.8.jar;C:\Users\ungore\.m2\repository\com\fasterxml\jackson\core\jackson-core\2.9.8\jackson-core-2.9.8.jar;C:\Users\ungore\.m2\repository\com\fasterxml\jackson\datatype\jackson-datatype-jdk8\2.9.8\jackson-datatype-jdk8-2.9.8.jar;C:\Users\ungore\.m2\repository\com\fasterxml\jackson\datatype\jackson-datatype-jsr310\2.9.8\jackson-datatype-jsr310-2.9.8.jar;C:\Users\ungore\.m2\repository\com\fasterxml\jackson\module\jackson-module-parameter-names\2.9.8\jackson-m
Launcher Type: SUN_STANDARD

Environment Variables:
PATH=C:/Program Files/Java/jre1.8.0_121/bin/server;C:/Program Files/Java/jre1.8.0_121/bin;C:/Program Files/Java/jre1.8.0_121/lib/amd64;C:\Python34\;C:\Python34\Scripts;C:\oraclexe\app\oracle\product\11.2.0\server\bin;C:\ProgramData\Oracle\Java\javapath;C:\WINDOWS\system32;C:\WINDOWS;C:\WINDOWS\System32\Wbem;C:\WINDOWS\System32\WindowsPowerShell\v1.0\;C:\Program Files\TortoiseSVN\bin;C:\Program Files\nodejs\;C:\Program Files\Git\cmd;C:\Program Files (x86)\Microsoft SQL Server\110\Tools\Binn\ManagementStudio\;C:\Program Files (x86)\Microsoft SQL Server\110\Tools\Binn\;C:\Program Files (x86)\Microsoft SQL Server\110\DTS\Binn\;C:\WINDOWS\System32\OpenSSH\;C:\Program Files\Citrix\System32\;C:\Program Files\Citrix\ICAService\;C:\Users\ungore\AppData\Local\Microsoft\WindowsApps;;C:\WINDOWS\system32;
USERNAME=ungore
OS=Windows_NT
PROCESSOR_IDENTIFIER=Intel64 Family 15 Model 6 Stepping 1, GenuineIntel



---------------  S Y S T E M  ---------------

OS: Windows 10.0 , 64 bit Build 17134 (10.0.17134.1)

CPU:total 4 (2 cores per cpu, 1 threads per core) family 15 model 6 stepping 1, cmov, cx8, fxsr, mmx, sse, sse2, sse3, ssse3, sse4.1, sse4.2, popcnt, avx, avx2, aes, clmul, erms, rtm, 3dnowpref, lzcnt, tsc, bmi1, bmi2, adx

Memory: 4k page, physical 8388056k(139412k free), swap 18697820k(4428k free)

vm_info: Java HotSpot(TM) 64-Bit Server VM (25.121-b13) for windows-amd64 JRE (1.8.0_121-b13), built on Dec 12 2016 18:21:36 by "java_re" with MS VC++ 10.0 (VS2010)

time: Wed Jan 30 11:51:40 2019
elapsed time: 15 seconds (0d 0h 0m 15s)

