#
# There is insufficient memory for the Java Runtime Environment to continue.
# Native memory allocation (malloc) failed to allocate 277136 bytes for Chunk::new
# Possible reasons:
#   The system is out of physical RAM or swap space
#   In 32 bit mode, the process size limit was hit
# Possible solutions:
#   Reduce memory load on the system
#   Increase physical memory or swap space
#   Check if swap backing store is full
#   Use 64 bit Java on a 64 bit OS
#   Decrease Java heap size (-Xmx/-Xms)
#   Decrease number of Java threads
#   Decrease Java thread stack sizes (-Xss)
#   Set larger code cache with -XX:ReservedCodeCacheSize=
# This output file may be truncated or incomplete.
#
#  Out of Memory Error (allocation.cpp:390), pid=10972, tid=0x0000000000000e40
#
# JRE version: Java(TM) SE Runtime Environment (8.0_121-b13) (build 1.8.0_121-b13)
# Java VM: Java HotSpot(TM) 64-Bit Server VM (25.121-b13 mixed mode windows-amd64 compressed oops)
# Failed to write core dump. Minidumps are not enabled by default on client versions of Windows
#

---------------  T H R E A D  ---------------

Current thread (0x0000000019662800):  JavaThread "C2 CompilerThread1" daemon [_thread_in_native, id=3648, stack(0x0000000019a60000,0x0000000019b60000)]

Stack: [0x0000000019a60000,0x0000000019b60000]
[error occurred during error reporting (printing stack bounds), id 0xc0000005]

Native frames: (J=compiled Java code, j=interpreted, Vv=VM code, C=native code)


Current CompileTask:
C2:  10353 2626       4       org.springframework.boot.context.properties.source.SpringIterableConfigurationPropertySource$$Lambda$39/688726285::test (12 bytes)


---------------  P R O C E S S  ---------------

Java Threads: ( => current thread )
  0x000000001b9d1800 JavaThread "Keep-Alive-Timer" daemon [_thread_blocked, id=18024, stack(0x00000000200e0000,0x00000000201e0000)]
  0x000000001b2bc000 JavaThread "JMX server connection timeout 17" daemon [_thread_blocked, id=16408, stack(0x000000001bf70000,0x000000001c070000)]
  0x000000001ad09000 JavaThread "RMI TCP Connection(2)-127.0.0.1" daemon [_thread_in_native, id=14444, stack(0x000000001be70000,0x000000001bf70000)]
  0x000000001acab800 JavaThread "RMI Scheduler(0)" daemon [_thread_blocked, id=10612, stack(0x000000001bd70000,0x000000001be70000)]
  0x000000001a369800 JavaThread "RMI TCP Connection(1)-127.0.0.1" daemon [_thread_in_native, id=12284, stack(0x000000001bc70000,0x000000001bd70000)]
  0x000000001a2bb800 JavaThread "RMI TCP Accept-0" daemon [_thread_in_native, id=11128, stack(0x000000001a760000,0x000000001a860000)]
  0x000000001a2aa000 JavaThread "RMI TCP Accept-54006" daemon [_thread_in_native, id=15804, stack(0x000000001a660000,0x000000001a760000)]
  0x000000001a2a0000 JavaThread "RMI TCP Accept-0" daemon [_thread_in_native, id=15084, stack(0x000000001a560000,0x000000001a660000)]
  0x000000001966d800 JavaThread "Service Thread" daemon [_thread_blocked, id=19948, stack(0x0000000019c60000,0x0000000019d60000)]
  0x0000000019665800 JavaThread "C1 CompilerThread2" daemon [_thread_blocked, id=12280, stack(0x0000000019b60000,0x0000000019c60000)]
=>0x0000000019662800 JavaThread "C2 CompilerThread1" daemon [_thread_in_native, id=3648, stack(0x0000000019a60000,0x0000000019b60000)]
  0x0000000017f16800 JavaThread "C2 CompilerThread0" daemon [_thread_in_native, id=16632, stack(0x0000000019560000,0x0000000019660000)]
  0x0000000017f15800 JavaThread "Attach Listener" daemon [_thread_blocked, id=17212, stack(0x0000000019460000,0x0000000019560000)]
  0x0000000017f14800 JavaThread "Signal Dispatcher" daemon [_thread_blocked, id=16464, stack(0x0000000019360000,0x0000000019460000)]
  0x0000000017f00000 JavaThread "Finalizer" daemon [_thread_blocked, id=19940, stack(0x0000000019170000,0x0000000019270000)]
  0x0000000017ed8800 JavaThread "Reference Handler" daemon [_thread_blocked, id=19700, stack(0x0000000019070000,0x0000000019170000)]
  0x00000000031f8000 JavaThread "main" [_thread_in_Java, id=18436, stack(0x00000000030f0000,0x00000000031f0000)]

Other Threads:
  0x0000000017ed7000 VMThread [stack: 0x0000000018f70000,0x0000000019070000] [id=20404]
  0x000000001a2bd800 WatcherThread [stack: 0x000000001a860000,0x000000001a960000] [id=11404]

VM state:not at safepoint (normal execution)

VM Mutex/Monitor currently owned by a thread: None

Heap:
 PSYoungGen      total 71680K, used 46422K [0x00000000d5580000, 0x00000000dd880000, 0x0000000100000000)
  eden space 66560K, 62% used [0x00000000d5580000,0x00000000d7dd9810,0x00000000d9680000)
  from space 5120K, 99% used [0x00000000d9680000,0x00000000d9b7c3c0,0x00000000d9b80000)
  to   space 8704K, 0% used [0x00000000dd000000,0x00000000dd000000,0x00000000dd880000)
 ParOldGen       total 50176K, used 8578K [0x0000000080000000, 0x0000000083100000, 0x00000000d5580000)
  object space 50176K, 17% used [0x0000000080000000,0x0000000080860ad8,0x0000000083100000)
 Metaspace       used 29690K, capacity 30646K, committed 30768K, reserved 1075200K
  class space    used 3859K, capacity 4100K, committed 4144K, reserved 1048576K

Card table byte_map: [0x00000000126b0000,0x0000000012ac0000] byte_map_base: 0x00000000122b0000

Marking Bits: (ParMarkBitMap*) 0x000000005327b6d0
 Begin Bits: [0x0000000013170000, 0x0000000015170000)
 End Bits:   [0x0000000015170000, 0x0000000017170000)

Polling page: 0x0000000002de0000

CodeCache: size=245760Kb used=9304Kb max_used=9319Kb free=236455Kb
 bounds [0x00000000032f0000, 0x0000000003c20000, 0x00000000122f0000]
 total_blobs=3062 nmethods=2619 adapters=356
 compilation: enabled

Compilation events (10 events):
Event: 10.338 Thread 0x0000000019665800 2633       3       java.util.ArrayDeque::removeFirst (19 bytes)
Event: 10.338 Thread 0x0000000019665800 nmethod 2633 0x000000000345afd0 code [0x000000000345b140, 0x000000000345b438]
Event: 10.341 Thread 0x0000000019665800 2634       3       org.springframework.boot.autoconfigure.condition.ConditionMessage::<init> (10 bytes)
Event: 10.341 Thread 0x0000000019665800 nmethod 2634 0x00000000033fb690 code [0x00000000033fb7e0, 0x00000000033fb9b0]
Event: 10.341 Thread 0x0000000019665800 2635       3       org.springframework.boot.autoconfigure.condition.ConditionMessage::<init> (6 bytes)
Event: 10.341 Thread 0x0000000019665800 nmethod 2635 0x000000000340e450 code [0x000000000340e5c0, 0x000000000340e7f0]
Event: 10.342 Thread 0x0000000019665800 2636       3       org.springframework.core.type.classreading.RecursiveAnnotationArrayVisitor::visit (114 bytes)
Event: 10.343 Thread 0x0000000019665800 nmethod 2636 0x0000000003c04cd0 code [0x0000000003c04f60, 0x0000000003c06318]
Event: 10.344 Thread 0x0000000019665800 2637       1       org.springframework.context.annotation.ConfigurationClassParser::access$1000 (5 bytes)
Event: 10.344 Thread 0x0000000019665800 nmethod 2637 0x00000000033f0450 code [0x00000000033f05a0, 0x00000000033f0690]

GC Heap History (10 events):
Event: 3.059 GC heap before
{Heap before GC invocations=2 (full 0):
 PSYoungGen      total 38400K, used 37973K [0x00000000d5580000, 0x00000000d8000000, 0x0000000100000000)
  eden space 33280K, 100% used [0x00000000d5580000,0x00000000d7600000,0x00000000d7600000)
  from space 5120K, 91% used [0x00000000d7600000,0x00000000d7a95770,0x00000000d7b00000)
  to   space 5120K, 0% used [0x00000000d7b00000,0x00000000d7b00000,0x00000000d8000000)
 ParOldGen       total 87552K, used 8K [0x0000000080000000, 0x0000000085580000, 0x00000000d5580000)
  object space 87552K, 0% used [0x0000000080000000,0x0000000080002000,0x0000000085580000)
 Metaspace       used 15494K, capacity 15862K, committed 16000K, reserved 1062912K
  class space    used 2024K, capacity 2148K, committed 2176K, reserved 1048576K
Event: 3.076 GC heap after
Heap after GC invocations=2 (full 0):
 PSYoungGen      total 38400K, used 5092K [0x00000000d5580000, 0x00000000da080000, 0x0000000100000000)
  eden space 33280K, 0% used [0x00000000d5580000,0x00000000d5580000,0x00000000d7600000)
  from space 5120K, 99% used [0x00000000d7b00000,0x00000000d7ff9200,0x00000000d8000000)
  to   space 5120K, 0% used [0x00000000d7600000,0x00000000d7600000,0x00000000d7b00000)
 ParOldGen       total 87552K, used 1754K [0x0000000080000000, 0x0000000085580000, 0x00000000d5580000)
  object space 87552K, 2% used [0x0000000080000000,0x00000000801b69b0,0x0000000085580000)
 Metaspace       used 15494K, capacity 15862K, committed 16000K, reserved 1062912K
  class space    used 2024K, capacity 2148K, committed 2176K, reserved 1048576K
}
Event: 3.790 GC heap before
{Heap before GC invocations=3 (full 0):
 PSYoungGen      total 38400K, used 38372K [0x00000000d5580000, 0x00000000da080000, 0x0000000100000000)
  eden space 33280K, 100% used [0x00000000d5580000,0x00000000d7600000,0x00000000d7600000)
  from space 5120K, 99% used [0x00000000d7b00000,0x00000000d7ff9200,0x00000000d8000000)
  to   space 5120K, 0% used [0x00000000d7600000,0x00000000d7600000,0x00000000d7b00000)
 ParOldGen       total 87552K, used 1754K [0x0000000080000000, 0x0000000085580000, 0x00000000d5580000)
  object space 87552K, 2% used [0x0000000080000000,0x00000000801b69b0,0x0000000085580000)
 Metaspace       used 19183K, capacity 19762K, committed 19840K, reserved 1067008K
  class space    used 2486K, capacity 2642K, committed 2688K, reserved 1048576K
Event: 3.798 GC heap after
Heap after GC invocations=3 (full 0):
 PSYoungGen      total 38400K, used 5108K [0x00000000d5580000, 0x00000000da080000, 0x0000000100000000)
  eden space 33280K, 0% used [0x00000000d5580000,0x00000000d5580000,0x00000000d7600000)
  from space 5120K, 99% used [0x00000000d7600000,0x00000000d7afd1c8,0x00000000d7b00000)
  to   space 5120K, 0% used [0x00000000d9b80000,0x00000000d9b80000,0x00000000da080000)
 ParOldGen       total 87552K, used 4425K [0x0000000080000000, 0x0000000085580000, 0x00000000d5580000)
  object space 87552K, 5% used [0x0000000080000000,0x00000000804527f0,0x0000000085580000)
 Metaspace       used 19183K, capacity 19762K, committed 19840K, reserved 1067008K
  class space    used 2486K, capacity 2642K, committed 2688K, reserved 1048576K
}
Event: 3.914 GC heap before
{Heap before GC invocations=4 (full 0):
 PSYoungGen      total 38400K, used 20695K [0x00000000d5580000, 0x00000000da080000, 0x0000000100000000)
  eden space 33280K, 46% used [0x00000000d5580000,0x00000000d64b8ce8,0x00000000d7600000)
  from space 5120K, 99% used [0x00000000d7600000,0x00000000d7afd1c8,0x00000000d7b00000)
  to   space 5120K, 0% used [0x00000000d9b80000,0x00000000d9b80000,0x00000000da080000)
 ParOldGen       total 87552K, used 4425K [0x0000000080000000, 0x0000000085580000, 0x00000000d5580000)
  object space 87552K, 5% used [0x0000000080000000,0x00000000804527f0,0x0000000085580000)
 Metaspace       used 20714K, capacity 21238K, committed 21296K, reserved 1067008K
  class space    used 2689K, capacity 2836K, committed 2864K, reserved 1048576K
Event: 3.934 GC heap after
Heap after GC invocations=4 (full 0):
 PSYoungGen      total 71680K, used 5110K [0x00000000d5580000, 0x00000000da080000, 0x0000000100000000)
  eden space 66560K, 0% used [0x00000000d5580000,0x00000000d5580000,0x00000000d9680000)
  from space 5120K, 99% used [0x00000000d9b80000,0x00000000da07d978,0x00000000da080000)
  to   space 5120K, 0% used [0x00000000d9680000,0x00000000d9680000,0x00000000d9b80000)
 ParOldGen       total 87552K, used 5757K [0x0000000080000000, 0x0000000085580000, 0x00000000d5580000)
  object space 87552K, 6% used [0x0000000080000000,0x000000008059f688,0x0000000085580000)
 Metaspace       used 20714K, capacity 21238K, committed 21296K, reserved 1067008K
  class space    used 2689K, capacity 2836K, committed 2864K, reserved 1048576K
}
Event: 3.934 GC heap before
{Heap before GC invocations=5 (full 1):
 PSYoungGen      total 71680K, used 5110K [0x00000000d5580000, 0x00000000da080000, 0x0000000100000000)
  eden space 66560K, 0% used [0x00000000d5580000,0x00000000d5580000,0x00000000d9680000)
  from space 5120K, 99% used [0x00000000d9b80000,0x00000000da07d978,0x00000000da080000)
  to   space 5120K, 0% used [0x00000000d9680000,0x00000000d9680000,0x00000000d9b80000)
 ParOldGen       total 87552K, used 5757K [0x0000000080000000, 0x0000000085580000, 0x00000000d5580000)
  object space 87552K, 6% used [0x0000000080000000,0x000000008059f688,0x0000000085580000)
 Metaspace       used 20714K, capacity 21238K, committed 21296K, reserved 1067008K
  class space    used 2689K, capacity 2836K, committed 2864K, reserved 1048576K
Event: 3.983 GC heap after
Heap after GC invocations=5 (full 1):
 PSYoungGen      total 71680K, used 0K [0x00000000d5580000, 0x00000000da080000, 0x0000000100000000)
  eden space 66560K, 0% used [0x00000000d5580000,0x00000000d5580000,0x00000000d9680000)
  from space 5120K, 0% used [0x00000000d9b80000,0x00000000d9b80000,0x00000000da080000)
  to   space 5120K, 0% used [0x00000000d9680000,0x00000000d9680000,0x00000000d9b80000)
 ParOldGen       total 50176K, used 6262K [0x0000000080000000, 0x0000000083100000, 0x00000000d5580000)
  object space 50176K, 12% used [0x0000000080000000,0x000000008061db20,0x0000000083100000)
 Metaspace       used 20714K, capacity 21238K, committed 21296K, reserved 1067008K
  class space    used 2689K, capacity 2836K, committed 2864K, reserved 1048576K
}
Event: 6.160 GC heap before
{Heap before GC invocations=6 (full 1):
 PSYoungGen      total 71680K, used 66560K [0x00000000d5580000, 0x00000000da080000, 0x0000000100000000)
  eden space 66560K, 100% used [0x00000000d5580000,0x00000000d9680000,0x00000000d9680000)
  from space 5120K, 0% used [0x00000000d9b80000,0x00000000d9b80000,0x00000000da080000)
  to   space 5120K, 0% used [0x00000000d9680000,0x00000000d9680000,0x00000000d9b80000)
 ParOldGen       total 50176K, used 6262K [0x0000000080000000, 0x0000000083100000, 0x00000000d5580000)
  object space 50176K, 12% used [0x0000000080000000,0x000000008061db20,0x0000000083100000)
 Metaspace       used 27575K, capacity 28432K, committed 28720K, reserved 1075200K
  class space    used 3611K, capacity 3811K, committed 3888K, reserved 1048576K
Event: 6.170 GC heap after
Heap after GC invocations=6 (full 1):
 PSYoungGen      total 71680K, used 5104K [0x00000000d5580000, 0x00000000dd880000, 0x0000000100000000)
  eden space 66560K, 0% used [0x00000000d5580000,0x00000000d5580000,0x00000000d9680000)
  from space 5120K, 99% used [0x00000000d9680000,0x00000000d9b7c3c0,0x00000000d9b80000)
  to   space 8704K, 0% used [0x00000000dd000000,0x00000000dd000000,0x00000000dd880000)
 ParOldGen       total 50176K, used 8578K [0x0000000080000000, 0x0000000083100000, 0x00000000d5580000)
  object space 50176K, 17% used [0x0000000080000000,0x0000000080860ad8,0x0000000083100000)
 Metaspace       used 27575K, capacity 28432K, committed 28720K, reserved 1075200K
  class space    used 3611K, capacity 3811K, committed 3888K, reserved 1048576K
}

Deoptimization events (10 events):
Event: 4.909 Thread 0x000000001a528800 Uncommon trap: reason=unstable_if action=reinterpret pc=0x00000000039462f0 method=com.sun.org.apache.xerces.internal.util.SymbolTable.addSymbol([CII)Ljava/lang/String; @ 38
Event: 4.911 Thread 0x000000001a528800 Uncommon trap: reason=unstable_if action=reinterpret pc=0x0000000003908e38 method=com.sun.org.apache.xerces.internal.util.SymbolTable.addSymbol([CII)Ljava/lang/String; @ 38
Event: 5.242 Thread 0x00000000031f8000 Uncommon trap: reason=unstable_if action=reinterpret pc=0x000000000368c6d4 method=org.springframework.util.ConcurrentReferenceHashMap$Segment.clear()V @ 4
Event: 5.842 Thread 0x00000000031f8000 Uncommon trap: reason=unstable_if action=reinterpret pc=0x000000000376e36c method=java.net.URL.<init>(Ljava/net/URL;Ljava/lang/String;Ljava/net/URLStreamHandler;)V @ 347
Event: 5.965 Thread 0x00000000031f8000 Uncommon trap: reason=unstable_if action=reinterpret pc=0x000000000385e5ac method=java.net.URLStreamHandler.parseURL(Ljava/net/URL;Ljava/lang/String;II)V @ 690
Event: 6.133 Thread 0x00000000031f8000 Uncommon trap: reason=class_check action=maybe_recompile pc=0x00000000038b01e0 method=java.util.concurrent.ConcurrentHashMap.putVal(Ljava/lang/Object;Ljava/lang/Object;Z)Ljava/lang/Object; @ 192
Event: 6.134 Thread 0x00000000031f8000 Uncommon trap: reason=class_check action=maybe_recompile pc=0x00000000038b01e0 method=java.util.concurrent.ConcurrentHashMap.putVal(Ljava/lang/Object;Ljava/lang/Object;Z)Ljava/lang/Object; @ 192
Event: 6.134 Thread 0x00000000031f8000 Uncommon trap: reason=class_check action=maybe_recompile pc=0x00000000038b01e0 method=java.util.concurrent.ConcurrentHashMap.putVal(Ljava/lang/Object;Ljava/lang/Object;Z)Ljava/lang/Object; @ 192
Event: 6.159 Thread 0x00000000031f8000 Uncommon trap: reason=unstable_if action=reinterpret pc=0x0000000003987204 method=java.util.concurrent.ConcurrentHashMap.get(Ljava/lang/Object;)Ljava/lang/Object; @ 76
Event: 6.181 Thread 0x00000000031f8000 Uncommon trap: reason=class_check action=maybe_recompile pc=0x00000000038b01e0 method=java.util.concurrent.ConcurrentHashMap.putVal(Ljava/lang/Object;Ljava/lang/Object;Z)Ljava/lang/Object; @ 192

Internal exceptions (10 events):
Event: 9.366 Thread 0x00000000031f8000 Exception <a 'java/lang/ClassNotFoundException': org/springframework/context/ResourceLoaderAwareCustomizer> (0x00000000d5f71598) thrown at [C:\re\workspace\8-2-build-windows-amd64-cygwin\jdk8u121\8372\hotspot\src\share\vm\classfile\systemDictionary.cpp, l
Event: 9.368 Thread 0x00000000031f8000 Exception <a 'java/lang/ClassNotFoundException': org/springframework/beans/factory/AwareCustomizer> (0x00000000d5f8c970) thrown at [C:\re\workspace\8-2-build-windows-amd64-cygwin\jdk8u121\8372\hotspot\src\share\vm\classfile\systemDictionary.cpp, line 210]
Event: 9.368 Thread 0x00000000031f8000 Exception <a 'java/lang/ClassNotFoundException': org/springframework/beans/factory/BeanClassLoaderAwareCustomizer> (0x00000000d5facaf8) thrown at [C:\re\workspace\8-2-build-windows-amd64-cygwin\jdk8u121\8372\hotspot\src\share\vm\classfile\systemDictionary
Event: 9.369 Thread 0x00000000031f8000 Exception <a 'java/lang/ClassNotFoundException': org/springframework/beans/factory/AwareCustomizer> (0x00000000d5fc7fa0) thrown at [C:\re\workspace\8-2-build-windows-amd64-cygwin\jdk8u121\8372\hotspot\src\share\vm\classfile\systemDictionary.cpp, line 210]
Event: 9.369 Thread 0x00000000031f8000 Exception <a 'java/lang/ClassNotFoundException': org/springframework/context/EnvironmentAwareCustomizer> (0x00000000d5fe41b0) thrown at [C:\re\workspace\8-2-build-windows-amd64-cygwin\jdk8u121\8372\hotspot\src\share\vm\classfile\systemDictionary.cpp, line
Event: 9.370 Thread 0x00000000031f8000 Exception <a 'java/lang/ClassNotFoundException': org/springframework/beans/factory/AwareCustomizer> (0x00000000d5fff570) thrown at [C:\re\workspace\8-2-build-windows-amd64-cygwin\jdk8u121\8372\hotspot\src\share\vm\classfile\systemDictionary.cpp, line 210]
Event: 9.384 Thread 0x00000000031f8000 Exception <a 'java/lang/NoSuchMethodError': java.lang.Object.lambda$comparing$77a9974f$1(Ljava/util/function/Function;Ljava/lang/Object;Ljava/lang/Object;)I> (0x00000000d603dbb0) thrown at [C:\re\workspace\8-2-build-windows-amd64-cygwin\jdk8u121\8372\hots
Event: 9.544 Thread 0x000000001ad09000 Exception <a 'java/lang/reflect/InvocationTargetException'> (0x00000000d5a1f1e0) thrown at [C:\re\workspace\8-2-build-windows-amd64-cygwin\jdk8u121\8372\hotspot\src\share\vm\runtime\reflection.cpp, line 1092]
Event: 9.677 Thread 0x00000000031f8000 Exception <a 'java/lang/IncompatibleClassChangeError': Found class java.lang.Object, but interface was expected> (0x00000000d6d3d508) thrown at [C:\re\workspace\8-2-build-windows-amd64-cygwin\jdk8u121\8372\hotspot\src\share\vm\interpreter\linkResolver.cpp
Event: 10.052 Thread 0x000000001ad09000 Exception <a 'java/lang/reflect/InvocationTargetException'> (0x00000000d5a23020) thrown at [C:\re\workspace\8-2-build-windows-amd64-cygwin\jdk8u121\8372\hotspot\src\share\vm\runtime\reflection.cpp, line 1092]

Events (10 events):
Event: 10.326 loading class org/springframework/boot/actuate/cache/CachesEndpoint
Event: 10.326 loading class org/springframework/boot/actuate/cache/CachesEndpoint done
Event: 10.335 loading class org/springframework/boot/actuate/autoconfigure/health/ConditionalOnEnabledHealthIndicator
Event: 10.335 loading class org/springframework/boot/actuate/autoconfigure/health/ConditionalOnEnabledHealthIndicator done
Event: 10.336 loading class org/springframework/boot/actuate/autoconfigure/health/OnEnabledHealthIndicatorCondition
Event: 10.336 loading class org/springframework/boot/actuate/autoconfigure/health/OnEnabledHealthIndicatorCondition done
Event: 10.336 loading class org/springframework/boot/actuate/autoconfigure/OnEndpointElementCondition
Event: 10.336 loading class org/springframework/boot/actuate/autoconfigure/OnEndpointElementCondition done
Event: 10.342 loading class reactor/core/publisher/Flux
Event: 10.342 loading class reactor/core/publisher/Flux done


Dynamic libraries:
0x00007ff7391f0000 - 0x00007ff739227000 	C:\Program Files\Java\jre1.8.0_121\bin\javaw.exe
0x00007ff831300000 - 0x00007ff8314e1000 	C:\WINDOWS\SYSTEM32\ntdll.dll
0x00007ff82ea50000 - 0x00007ff82eb02000 	C:\WINDOWS\System32\KERNEL32.DLL
0x00007ff82e490000 - 0x00007ff82e703000 	C:\WINDOWS\System32\KERNELBASE.dll
0x00007ff82f270000 - 0x00007ff82f311000 	C:\WINDOWS\System32\ADVAPI32.dll
0x00007ff82e9a0000 - 0x00007ff82ea3e000 	C:\WINDOWS\System32\msvcrt.dll
0x00007ff8309e0000 - 0x00007ff830a3b000 	C:\WINDOWS\System32\sechost.dll
0x00007ff830b90000 - 0x00007ff830cb4000 	C:\WINDOWS\System32\RPCRT4.dll
0x00007ff830cc0000 - 0x00007ff830e50000 	C:\WINDOWS\System32\USER32.dll
0x00007ff82e470000 - 0x00007ff82e490000 	C:\WINDOWS\System32\win32u.dll
0x00007ff8309b0000 - 0x00007ff8309d8000 	C:\WINDOWS\System32\GDI32.dll
0x00007ff82e220000 - 0x00007ff82e3b2000 	C:\WINDOWS\System32\gdi32full.dll
0x00007ff82e080000 - 0x00007ff82e11f000 	C:\WINDOWS\System32\msvcp_win.dll
0x00007ff82e120000 - 0x00007ff82e21a000 	C:\WINDOWS\System32\ucrtbase.dll
0x00007ff82b8a0000 - 0x00007ff82bb09000 	C:\WINDOWS\WinSxS\amd64_microsoft.windows.common-controls_6595b64144ccf1df_6.0.17134.112_none_fb3f961b30681c12\COMCTL32.dll
0x00007ff82ec70000 - 0x00007ff82ef93000 	C:\WINDOWS\System32\combase.dll
0x00007ff82e710000 - 0x00007ff82e78a000 	C:\WINDOWS\System32\bcryptPrimitives.dll
0x00007ff830e50000 - 0x00007ff830e7d000 	C:\WINDOWS\System32\IMM32.DLL
0x00007ff82d4b0000 - 0x00007ff82d50d000 	C:\Program Files\Citrix\System32\MfApHook64.dll
0x00007ff82d250000 - 0x00007ff82d27b000 	C:\Program Files\Citrix\ICAService\CtxDodHook64.dll
0x00007ff82d3d0000 - 0x00007ff82d402000 	C:\Program Files\Citrix\ICAService\picaFullScreenHookX64.dll
0x00007ff82cdb0000 - 0x00007ff82cdfe000 	C:\Program Files\Citrix\ICAService\ShellHook64.dll
0x00007ff82f570000 - 0x00007ff8309b0000 	C:\WINDOWS\System32\SHELL32.dll
0x00007ff82d730000 - 0x00007ff82d779000 	C:\WINDOWS\System32\cfgmgr32.dll
0x00007ff82f1c0000 - 0x00007ff82f269000 	C:\WINDOWS\System32\shcore.dll
0x00007ff82d780000 - 0x00007ff82de8d000 	C:\WINDOWS\System32\windows.storage.dll
0x00007ff82f010000 - 0x00007ff82f061000 	C:\WINDOWS\System32\shlwapi.dll
0x00007ff82d6b0000 - 0x00007ff82d6c1000 	C:\WINDOWS\System32\kernel.appcore.dll
0x00007ff82d660000 - 0x00007ff82d67f000 	C:\WINDOWS\System32\profapi.dll
0x00007ff82d610000 - 0x00007ff82d65c000 	C:\WINDOWS\System32\powrprof.dll
0x00007ff82d680000 - 0x00007ff82d68a000 	C:\WINDOWS\System32\FLTLIB.DLL
0x00007ff82cc10000 - 0x00007ff82cd8e000 	C:\Program Files\Citrix\ICAService\SCardHook64.dll
0x00007ff82cb70000 - 0x00007ff82cb9a000 	C:\Program Files\Citrix\ICAService\cxinjime64.dll
0x00007ff82c8c0000 - 0x00007ff82c908000 	C:\Program Files\Citrix\ICAService\PicaWtsHook64.dll
0x0000000052740000 - 0x0000000052812000 	C:\Program Files\Java\jre1.8.0_121\bin\msvcr100.dll
0x0000000052a60000 - 0x00000000532fb000 	C:\Program Files\Java\jre1.8.0_121\bin\server\jvm.dll
0x00007ff82ea40000 - 0x00007ff82ea48000 	C:\WINDOWS\System32\PSAPI.DLL
0x00007ff82a670000 - 0x00007ff82a693000 	C:\WINDOWS\SYSTEM32\WINMM.dll
0x00007ff82d240000 - 0x00007ff82d24a000 	C:\WINDOWS\SYSTEM32\VERSION.dll
0x00007ff82a640000 - 0x00007ff82a66a000 	C:\WINDOWS\SYSTEM32\WINMMBASE.dll
0x00007ff820810000 - 0x00007ff820819000 	C:\WINDOWS\SYSTEM32\WSOCK32.dll
0x00007ff82efa0000 - 0x00007ff82f00c000 	C:\WINDOWS\System32\WS2_32.dll
0x0000000053440000 - 0x000000005344f000 	C:\Program Files\Java\jre1.8.0_121\bin\verify.dll
0x0000000053410000 - 0x0000000053439000 	C:\Program Files\Java\jre1.8.0_121\bin\java.dll
0x0000000052960000 - 0x0000000052976000 	C:\Program Files\Java\jre1.8.0_121\bin\zip.dll
0x0000000052910000 - 0x000000005291d000 	C:\Program Files\Java\jre1.8.0_121\bin\management.dll
0x0000000052940000 - 0x000000005295a000 	C:\Program Files\Java\jre1.8.0_121\bin\net.dll
0x00007ff82c360000 - 0x00007ff82c3c6000 	C:\WINDOWS\system32\mswsock.dll
0x0000000052920000 - 0x0000000052931000 	C:\Program Files\Java\jre1.8.0_121\bin\nio.dll
0x00007ff822320000 - 0x00007ff822336000 	C:\WINDOWS\system32\napinsp.dll
0x00007ff821790000 - 0x00007ff8217aa000 	C:\WINDOWS\system32\pnrpnsp.dll
0x00007ff8282b0000 - 0x00007ff8282c9000 	C:\WINDOWS\system32\NLAapi.dll
0x00007ff82c120000 - 0x00007ff82c1de000 	C:\WINDOWS\SYSTEM32\DNSAPI.dll
0x00007ff82f540000 - 0x00007ff82f548000 	C:\WINDOWS\System32\NSI.dll
0x00007ff82c0e0000 - 0x00007ff82c118000 	C:\WINDOWS\SYSTEM32\IPHLPAPI.DLL
0x00007ff8217b0000 - 0x00007ff8217be000 	C:\WINDOWS\System32\winrnr.dll
0x00007ff822830000 - 0x00007ff82283a000 	C:\Windows\System32\rasadhlp.dll
0x00007ff825c70000 - 0x00007ff825ce2000 	C:\WINDOWS\System32\fwpuclnt.dll
0x00007ff82ce00000 - 0x00007ff82ce25000 	C:\WINDOWS\SYSTEM32\bcrypt.dll
0x00007ff82c510000 - 0x00007ff82c527000 	C:\WINDOWS\SYSTEM32\CRYPTSP.dll
0x00007ff82bee0000 - 0x00007ff82bf13000 	C:\WINDOWS\system32\rsaenh.dll
0x00007ff82d510000 - 0x00007ff82d538000 	C:\WINDOWS\SYSTEM32\USERENV.dll
0x00007ff82c530000 - 0x00007ff82c53b000 	C:\WINDOWS\SYSTEM32\CRYPTBASE.dll
0x00007ff825bf0000 - 0x00007ff825c06000 	C:\WINDOWS\SYSTEM32\dhcpcsvc6.DLL
0x00007ff825bd0000 - 0x00007ff825bea000 	C:\WINDOWS\SYSTEM32\dhcpcsvc.DLL

VM Arguments:
jvm_args: -Dcom.sun.management.jmxremote -Dcom.sun.management.jmxremote.port=54006 -Dcom.sun.management.jmxremote.authenticate=false -Dcom.sun.management.jmxremote.ssl=false -Djava.rmi.server.hostname=localhost -Dspring.liveBeansView.mbeanDomain -Dspring.application.admin.enabled=true -Dfile.encoding=UTF-8 
java_command: com.capgemini.EurekaServer.EurekaServerApplication --spring.output.ansi.enabled=always
java_class_path (initial): C:\RabbitMQ\EurekaServer\target\classes;C:\Users\ungore\.m2\repository\org\springframework\boot\spring-boot-starter-web\2.1.2.RELEASE\spring-boot-starter-web-2.1.2.RELEASE.jar;C:\Users\ungore\.m2\repository\org\springframework\boot\spring-boot-starter\2.1.2.RELEASE\spring-boot-starter-2.1.2.RELEASE.jar;C:\Users\ungore\.m2\repository\org\springframework\boot\spring-boot\2.1.2.RELEASE\spring-boot-2.1.2.RELEASE.jar;C:\Users\ungore\.m2\repository\org\springframework\boot\spring-boot-autoconfigure\2.1.2.RELEASE\spring-boot-autoconfigure-2.1.2.RELEASE.jar;C:\Users\ungore\.m2\repository\org\springframework\boot\spring-boot-starter-logging\2.1.2.RELEASE\spring-boot-starter-logging-2.1.2.RELEASE.jar;C:\Users\ungore\.m2\repository\ch\qos\logback\logback-classic\1.2.3\logback-classic-1.2.3.jar;C:\Users\ungore\.m2\repository\ch\qos\logback\logback-core\1.2.3\logback-core-1.2.3.jar;C:\Users\ungore\.m2\repository\org\apache\logging\log4j\log4j-to-slf4j\2.11.1\log4j-to-slf4j-2.11.1.jar;C:\Users\ungore\.m2\repository\org\apache\logging\log4j\log4j-api\2.11.1\log4j-api-2.11.1.jar;C:\Users\ungore\.m2\repository\org\slf4j\jul-to-slf4j\1.7.25\jul-to-slf4j-1.7.25.jar;C:\Users\ungore\.m2\repository\javax\annotation\javax.annotation-api\1.3.2\javax.annotation-api-1.3.2.jar;C:\Users\ungore\.m2\repository\org\yaml\snakeyaml\1.23\snakeyaml-1.23.jar;C:\Users\ungore\.m2\repository\org\springframework\boot\spring-boot-starter-json\2.1.2.RELEASE\spring-boot-starter-json-2.1.2.RELEASE.jar;C:\Users\ungore\.m2\repository\com\fasterxml\jackson\datatype\jackson-datatype-jdk8\2.9.8\jackson-datatype-jdk8-2.9.8.jar;C:\Users\ungore\.m2\repository\com\fasterxml\jackson\datatype\jackson-datatype-jsr310\2.9.8\jackson-datatype-jsr310-2.9.8.jar;C:\Users\ungore\.m2\repository\com\fasterxml\jackson\module\jackson-module-parameter-names\2.9.8\jackson-module-parameter-names-2.9.8.jar;C:\Users\ungore\.m2\repository\org\springframework\boot\spring-boot-starter-tomcat\2.1.2.RELEASE\sprin
Launcher Type: SUN_STANDARD

Environment Variables:
PATH=C:/Program Files/Java/jre1.8.0_121/bin/server;C:/Program Files/Java/jre1.8.0_121/bin;C:/Program Files/Java/jre1.8.0_121/lib/amd64;C:\Python34\;C:\Python34\Scripts;C:\oraclexe\app\oracle\product\11.2.0\server\bin;C:\ProgramData\Oracle\Java\javapath;C:\WINDOWS\system32;C:\WINDOWS;C:\WINDOWS\System32\Wbem;C:\WINDOWS\System32\WindowsPowerShell\v1.0\;C:\Program Files\TortoiseSVN\bin;C:\Program Files\nodejs\;C:\Program Files\Git\cmd;C:\Program Files (x86)\Microsoft SQL Server\110\Tools\Binn\ManagementStudio\;C:\Program Files (x86)\Microsoft SQL Server\110\Tools\Binn\;C:\Program Files (x86)\Microsoft SQL Server\110\DTS\Binn\;C:\WINDOWS\System32\OpenSSH\;C:\Program Files\Citrix\System32\;C:\Program Files\Citrix\ICAService\;C:\Users\ungore\AppData\Local\Microsoft\WindowsApps;;C:\WINDOWS\system32;
USERNAME=ungore
OS=Windows_NT
PROCESSOR_IDENTIFIER=Intel64 Family 15 Model 6 Stepping 1, GenuineIntel



---------------  S Y S T E M  ---------------

OS: Windows 10.0 , 64 bit Build 17134 (10.0.17134.1)

CPU:total 4 (2 cores per cpu, 1 threads per core) family 15 model 6 stepping 1, cmov, cx8, fxsr, mmx, sse, sse2, sse3, ssse3, sse4.1, sse4.2, popcnt, avx, avx2, aes, clmul, erms, rtm, 3dnowpref, lzcnt, tsc, bmi1, bmi2, adx

Memory: 4k page, physical 8388056k(141508k free), swap 18697820k(1780k free)

vm_info: Java HotSpot(TM) 64-Bit Server VM (25.121-b13) for windows-amd64 JRE (1.8.0_121-b13), built on Dec 12 2016 18:21:36 by "java_re" with MS VC++ 10.0 (VS2010)

time: Wed Jan 30 11:51:35 2019
elapsed time: 10 seconds (0d 0h 0m 10s)

